ls raiz
ls raiz
touch raiz/./teste/arquivo.txt
ls raiz
ls raiz
ls raiz
mkdir raiz/teste
ls raiz
ls raiz
ls raiz
mkdir raiz/teste
ls raiz
touch teste/arquivo.txt
ls raiz
ls raiz
ls raiz
ls raiz
touch raiz/arquivo.txt
ls raiz
cp raiz/arquivo.txt -> teste.txt
ls raiz
rename raiz/arquivo.txt -> arquivo2.txt
ls raiz
mkdir raiz/diretorio_teste
ls raiz
ls raiz
mkdir raiz/teste
ls raiz
rm raiz/teste
mkdir raiz/teste
ls raiz
renamedir teste -> teste2
ls raiz
ls raiz
mkdir raiz/teste
ls raiz
touch teste/texto
ls raiz
ls raiz
mkdir raiz/teste
touch teste/texto
ls raiz
ls teste
mkdir raiz/h
ls raiz
mkdir raiz/ok
touch ok/ok2
ls ok
rename raiz/ok/ok2 -> ok3
ls ok
mkdir raiz/ei
touch ei/ei2
ls ei
copy raiz/ei/ei2 -> ei2
mkdir raiz/oi
